[0803/204834.781:ERROR:audio_rtp_receiver.cc(89)] AudioRtpReceiver::OnSetVolume: No audio channel exists.
[0803/204834.790:WARNING:used_ids.h(55)] Duplicate id found. Reassigning from 104 to 127
[0803/204834.790:WARNING:used_ids.h(55)] Duplicate id found. Reassigning from 102 to 125
[0803/204834.790:WARNING:used_ids.h(55)] Duplicate id found. Reassigning from 104 to 124
[0803/204834.790:WARNING:used_ids.h(55)] Duplicate id found. Reassigning from 106 to 123
[0803/204834.790:WARNING:used_ids.h(55)] Duplicate id found. Reassigning from 103 to 122
[0803/204834.790:WARNING:used_ids.h(55)] Duplicate id found. Reassigning from 105 to 121
[0803/204834.790:WARNING:used_ids.h(55)] Duplicate id found. Reassigning from 109 to 120
[0803/204834.831:WARNING:used_ids.h(55)] Duplicate id found. Reassigning from 1 to 14
[0803/204834.831:WARNING:used_ids.h(55)] Duplicate id found. Reassigning from 3 to 13
[0803/204834.831:WARNING:used_ids.h(55)] Duplicate id found. Reassigning from 5 to 12
[0803/204834.831:WARNING:used_ids.h(55)] Duplicate id found. Reassigning from 6 to 11
[0803/204846.383:WARNING:used_ids.h(55)] Duplicate id found. Reassigning from 104 to 127
[0803/204846.383:WARNING:used_ids.h(55)] Duplicate id found. Reassigning from 102 to 125
[0803/204846.383:WARNING:used_ids.h(55)] Duplicate id found. Reassigning from 104 to 124
[0803/204846.383:WARNING:used_ids.h(55)] Duplicate id found. Reassigning from 106 to 123
[0803/204846.383:WARNING:used_ids.h(55)] Duplicate id found. Reassigning from 103 to 122
[0803/204846.383:WARNING:used_ids.h(55)] Duplicate id found. Reassigning from 105 to 121
[0803/204846.383:WARNING:used_ids.h(55)] Duplicate id found. Reassigning from 109 to 120
[0803/204846.383:WARNING:used_ids.h(55)] Duplicate id found. Reassigning from 1 to 14
[0803/204846.384:WARNING:used_ids.h(55)] Duplicate id found. Reassigning from 3 to 13
[0803/204846.384:WARNING:used_ids.h(55)] Duplicate id found. Reassigning from 5 to 12
[0803/204846.384:WARNING:used_ids.h(55)] Duplicate id found. Reassigning from 6 to 11
[0803/204846.385:ERROR:audio_rtp_receiver.cc(89)] AudioRtpReceiver::OnSetVolume: No audio channel exists.
[0803/204902.781:ERROR:audio_rtp_receiver.cc(89)] AudioRtpReceiver::OnSetVolume: No audio channel exists.
[0803/204902.782:WARNING:used_ids.h(55)] Duplicate id found. Reassigning from 104 to 127
[0803/204902.782:WARNING:used_ids.h(55)] Duplicate id found. Reassigning from 102 to 125
[0803/204902.782:WARNING:used_ids.h(55)] Duplicate id found. Reassigning from 104 to 124
[0803/204902.782:WARNING:used_ids.h(55)] Duplicate id found. Reassigning from 106 to 123
[0803/204902.782:WARNING:used_ids.h(55)] Duplicate id found. Reassigning from 103 to 122
[0803/204902.782:WARNING:used_ids.h(55)] Duplicate id found. Reassigning from 105 to 121
[0803/204902.782:WARNING:used_ids.h(55)] Duplicate id found. Reassigning from 109 to 120
[0803/204902.782:WARNING:used_ids.h(55)] Duplicate id found. Reassigning from 1 to 14
[0803/204902.782:WARNING:used_ids.h(55)] Duplicate id found. Reassigning from 3 to 13
[0803/204902.782:WARNING:used_ids.h(55)] Duplicate id found. Reassigning from 5 to 12
[0803/204902.782:WARNING:used_ids.h(55)] Duplicate id found. Reassigning from 6 to 11
[0803/204912.861:WARNING:used_ids.h(55)] Duplicate id found. Reassigning from 104 to 127
[0803/204912.861:WARNING:used_ids.h(55)] Duplicate id found. Reassigning from 102 to 125
[0803/204912.861:WARNING:used_ids.h(55)] Duplicate id found. Reassigning from 104 to 124
[0803/204912.861:WARNING:used_ids.h(55)] Duplicate id found. Reassigning from 106 to 123
[0803/204912.861:WARNING:used_ids.h(55)] Duplicate id found. Reassigning from 103 to 122
[0803/204912.861:WARNING:used_ids.h(55)] Duplicate id found. Reassigning from 105 to 121
[0803/204912.861:WARNING:used_ids.h(55)] Duplicate id found. Reassigning from 109 to 120
[0803/204912.861:WARNING:used_ids.h(55)] Duplicate id found. Reassigning from 1 to 14
[0803/204912.861:WARNING:used_ids.h(55)] Duplicate id found. Reassigning from 3 to 13
[0803/204912.861:WARNING:used_ids.h(55)] Duplicate id found. Reassigning from 5 to 12
[0803/204912.862:WARNING:used_ids.h(55)] Duplicate id found. Reassigning from 6 to 11
[0803/204912.862:ERROR:audio_rtp_receiver.cc(89)] AudioRtpReceiver::OnSetVolume: No audio channel exists.
[0803/204918.020:WARNING:used_ids.h(55)] Duplicate id found. Reassigning from 104 to 127
[0803/204918.021:WARNING:used_ids.h(55)] Duplicate id found. Reassigning from 102 to 125
[0803/204918.021:WARNING:used_ids.h(55)] Duplicate id found. Reassigning from 104 to 124
[0803/204918.021:WARNING:used_ids.h(55)] Duplicate id found. Reassigning from 106 to 123
[0803/204918.021:WARNING:used_ids.h(55)] Duplicate id found. Reassigning from 103 to 122
[0803/204918.021:WARNING:used_ids.h(55)] Duplicate id found. Reassigning from 105 to 121
[0803/204918.021:WARNING:used_ids.h(55)] Duplicate id found. Reassigning from 109 to 120
[0803/204918.021:WARNING:used_ids.h(55)] Duplicate id found. Reassigning from 1 to 14
[0803/204918.021:WARNING:used_ids.h(55)] Duplicate id found. Reassigning from 3 to 13
[0803/204918.021:WARNING:used_ids.h(55)] Duplicate id found. Reassigning from 5 to 12
[0803/204918.021:WARNING:used_ids.h(55)] Duplicate id found. Reassigning from 6 to 11
[0803/204918.024:ERROR:audio_rtp_receiver.cc(89)] AudioRtpReceiver::OnSetVolume: No audio channel exists.
[0803/204926.007:WARNING:used_ids.h(55)] Duplicate id found. Reassigning from 104 to 127
[0803/204926.007:WARNING:used_ids.h(55)] Duplicate id found. Reassigning from 102 to 125
[0803/204926.007:WARNING:used_ids.h(55)] Duplicate id found. Reassigning from 104 to 124
[0803/204926.007:WARNING:used_ids.h(55)] Duplicate id found. Reassigning from 106 to 123
[0803/204926.007:WARNING:used_ids.h(55)] Duplicate id found. Reassigning from 103 to 122
[0803/204926.007:WARNING:used_ids.h(55)] Duplicate id found. Reassigning from 105 to 121
[0803/204926.007:WARNING:used_ids.h(55)] Duplicate id found. Reassigning from 109 to 120
[0803/204926.007:WARNING:used_ids.h(55)] Duplicate id found. Reassigning from 1 to 14
[0803/204926.007:WARNING:used_ids.h(55)] Duplicate id found. Reassigning from 3 to 13
[0803/204926.007:WARNING:used_ids.h(55)] Duplicate id found. Reassigning from 5 to 12
[0803/204926.007:WARNING:used_ids.h(55)] Duplicate id found. Reassigning from 6 to 11
[0803/204926.007:ERROR:audio_rtp_receiver.cc(89)] AudioRtpReceiver::OnSetVolume: No audio channel exists.
[0803/205016.805:WARNING:used_ids.h(55)] Duplicate id found. Reassigning from 104 to 127
[0803/205016.805:WARNING:used_ids.h(55)] Duplicate id found. Reassigning from 102 to 125
[0803/205016.805:WARNING:used_ids.h(55)] Duplicate id found. Reassigning from 104 to 124
[0803/205016.806:WARNING:used_ids.h(55)] Duplicate id found. Reassigning from 106 to 123
[0803/205016.806:WARNING:used_ids.h(55)] Duplicate id found. Reassigning from 103 to 122
[0803/205016.806:WARNING:used_ids.h(55)] Duplicate id found. Reassigning from 105 to 121
[0803/205016.806:WARNING:used_ids.h(55)] Duplicate id found. Reassigning from 109 to 120
[0803/205016.806:WARNING:used_ids.h(55)] Duplicate id found. Reassigning from 1 to 14
[0803/205016.806:WARNING:used_ids.h(55)] Duplicate id found. Reassigning from 3 to 13
[0803/205016.806:WARNING:used_ids.h(55)] Duplicate id found. Reassigning from 5 to 12
[0803/205016.806:WARNING:used_ids.h(55)] Duplicate id found. Reassigning from 6 to 11
[0803/205016.806:ERROR:audio_rtp_receiver.cc(89)] AudioRtpReceiver::OnSetVolume: No audio channel exists.
[0803/205027.313:ERROR:device_event_log_impl.cc(208)] [20:50:27.313] Bluetooth: bluetooth_adapter_winrt.cc:1074 Getting Default Adapter failed.
[0803/205117.367:ERROR:batching_media_log.cc(38)] MediaEvent: {"error":"FFmpegDemuxer: no supported streams"}
[0803/205117.367:ERROR:batching_media_log.cc(38)] MediaEvent: {"error":"FFmpegDemuxer: no supported streams"}
[0803/205117.378:ERROR:batching_media_log.cc(35)] MediaEvent: {"pipeline_error":14}
[0803/205117.378:ERROR:batching_media_log.cc(35)] MediaEvent: {"pipeline_error":14}
[0803/205117.660:WARNING:spdy_session.cc(3365)] Received HEADERS for invalid stream 111
[0804/212301.665:ERROR:os_crypt_win.cc(92)] Failed to decrypt: Key not valid for use in specified state. (0x8009000B)
[0804/212305.166:WARNING:value_store_frontend.cc(44)] Reading mhjfbmdgcfjbbpaeojofohoefgiehjai.alarms from  failed: IO error: .../MANIFEST-000001: Unable to create sequential file (ChromeMethodBFE: 7::NewSequentialFile::1)
